.next/dev/types/validator.ts(261,31): error TS2344: Type 'typeof import("C:/Users/user/OneDrive/Desktop/Maliyo/maliyo-app/src/app/api/payments/[id]/route")' does not satisfy the constraint 'RouteHandlerConfig<"/api/payments/[id]">'.
  Types of property 'PATCH' are incompatible.
    Type '(request: Request, { params }: { params: { id: string; }; }) => Promise<NextResponse<{ error: string; }> | NextResponse<{ payment: { name: string; id: string; createdAt: Date; updatedAt: Date; ... 5 more ...; lastPaidDate: Date | null; }; }>>' is not assignable to type '(request: NextRequest, context: { params: Promise<{ id: string; }>; }) => void | Response | Promise<void | Response>'.
      Types of parameters '__1' and 'context' are incompatible.
        Type '{ params: Promise<{ id: string; }>; }' is not assignable to type '{ params: { id: string; }; }'.
          Types of property 'params' are incompatible.
            Property 'id' is missing in type 'Promise<{ id: string; }>' but required in type '{ id: string; }'.
.next/types/validator.ts(261,31): error TS2344: Type 'typeof import("C:/Users/user/OneDrive/Desktop/Maliyo/maliyo-app/src/app/api/payments/[id]/route")' does not satisfy the constraint 'RouteHandlerConfig<"/api/payments/[id]">'.
  Types of property 'PATCH' are incompatible.
    Type '(request: Request, { params }: { params: { id: string; }; }) => Promise<NextResponse<{ error: string; }> | NextResponse<{ payment: { name: string; id: string; createdAt: Date; updatedAt: Date; ... 5 more ...; lastPaidDate: Date | null; }; }>>' is not assignable to type '(request: NextRequest, context: { params: Promise<{ id: string; }>; }) => void | Response | Promise<void | Response>'.
      Types of parameters '__1' and 'context' are incompatible.
        Type '{ params: Promise<{ id: string; }>; }' is not assignable to type '{ params: { id: string; }; }'.
          Types of property 'params' are incompatible.
            Property 'id' is missing in type 'Promise<{ id: string; }>' but required in type '{ id: string; }'.
